<?xml version="1.0" encoding="UTF-8"?>
<coverage generated="1511959548222" clover="3.2.0">
  <project timestamp="1511959548222" name="All files">
    <metrics statements="26" coveredstatements="23" conditionals="5" coveredconditionals="5" methods="12" coveredmethods="9" elements="43" coveredelements="37" complexity="0" loc="26" ncloc="26" packages="6" files="11" classes="11">
      <package name="jest">
        <metrics statements="1" coveredstatements="1" conditionals="0" coveredconditionals="0" methods="0" coveredmethods="0"/>
        <file name="setup.js" path="/Users/andrew/Documents/Projects/testProj/jestsample/jest/setup.js">
          <metrics statements="1" coveredstatements="1" conditionals="0" coveredconditionals="0" methods="0" coveredmethods="0"/>
          <line num="3" count="3" type="stmt"/>
        </file>
      </package>
      <package name="src.global">
        <metrics statements="4" coveredstatements="4" conditionals="0" coveredconditionals="0" methods="0" coveredmethods="0"/>
        <file name="colors.js" path="/Users/andrew/Documents/Projects/testProj/jestsample/src/global/colors.js">
          <metrics statements="1" coveredstatements="1" conditionals="0" coveredconditionals="0" methods="0" coveredmethods="0"/>
          <line num="2" count="2" type="stmt"/>
        </file>
        <file name="constants.js" path="/Users/andrew/Documents/Projects/testProj/jestsample/src/global/constants.js">
          <metrics statements="1" coveredstatements="1" conditionals="0" coveredconditionals="0" methods="0" coveredmethods="0"/>
          <line num="2" count="2" type="stmt"/>
        </file>
        <file name="images.js" path="/Users/andrew/Documents/Projects/testProj/jestsample/src/global/images.js">
          <metrics statements="1" coveredstatements="1" conditionals="0" coveredconditionals="0" methods="0" coveredmethods="0"/>
          <line num="2" count="2" type="stmt"/>
        </file>
        <file name="index.js" path="/Users/andrew/Documents/Projects/testProj/jestsample/src/global/index.js">
          <metrics statements="0" coveredstatements="0" conditionals="0" coveredconditionals="0" methods="0" coveredmethods="0"/>
        </file>
        <file name="styles.js" path="/Users/andrew/Documents/Projects/testProj/jestsample/src/global/styles.js">
          <metrics statements="1" coveredstatements="1" conditionals="0" coveredconditionals="0" methods="0" coveredmethods="0"/>
          <line num="3" count="2" type="stmt"/>
        </file>
      </package>
      <package name="src.redux.actions">
        <metrics statements="2" coveredstatements="2" conditionals="0" coveredconditionals="0" methods="2" coveredmethods="2"/>
        <file name="counter.js" path="/Users/andrew/Documents/Projects/testProj/jestsample/src/redux/actions/counter.js">
          <metrics statements="2" coveredstatements="2" conditionals="0" coveredconditionals="0" methods="2" coveredmethods="2"/>
          <line num="4" count="1" type="stmt"/>
          <line num="10" count="1" type="stmt"/>
        </file>
      </package>
      <package name="src.redux.constants">
        <metrics statements="1" coveredstatements="1" conditionals="0" coveredconditionals="0" methods="0" coveredmethods="0"/>
        <file name="index.js" path="/Users/andrew/Documents/Projects/testProj/jestsample/src/redux/constants/index.js">
          <metrics statements="1" coveredstatements="1" conditionals="0" coveredconditionals="0" methods="0" coveredmethods="0"/>
          <line num="1" count="2" type="stmt"/>
        </file>
      </package>
      <package name="src.redux.reducers">
        <metrics statements="5" coveredstatements="5" conditionals="5" coveredconditionals="5" methods="1" coveredmethods="1"/>
        <file name="counter.js" path="/Users/andrew/Documents/Projects/testProj/jestsample/src/redux/reducers/counter.js">
          <metrics statements="5" coveredstatements="5" conditionals="5" coveredconditionals="5" methods="1" coveredmethods="1"/>
          <line num="3" count="1" type="stmt"/>
          <line num="8" count="3" type="cond" truecount="3" falsecount="0"/>
          <line num="10" count="1" type="stmt"/>
          <line num="15" count="1" type="stmt"/>
          <line num="20" count="1" type="stmt"/>
        </file>
      </package>
      <package name="src.scenes">
        <metrics statements="13" coveredstatements="10" conditionals="0" coveredconditionals="0" methods="9" coveredmethods="6"/>
        <file name="Counter.js" path="/Users/andrew/Documents/Projects/testProj/jestsample/src/scenes/Counter.js">
          <metrics statements="9" coveredstatements="6" conditionals="0" coveredconditionals="0" methods="7" coveredmethods="4"/>
          <line num="10" count="1" type="stmt"/>
          <line num="56" count="0" type="stmt"/>
          <line num="59" count="2" type="stmt"/>
          <line num="60" count="2" type="stmt"/>
          <line num="65" count="1" type="stmt"/>
          <line num="73" count="1" type="stmt"/>
          <line num="80" count="1" type="stmt"/>
          <line num="94" count="0" type="stmt"/>
          <line num="95" count="0" type="stmt"/>
        </file>
        <file name="Home.js" path="/Users/andrew/Documents/Projects/testProj/jestsample/src/scenes/Home.js">
          <metrics statements="4" coveredstatements="4" conditionals="0" coveredconditionals="0" methods="2" coveredmethods="2"/>
          <line num="6" count="1" type="stmt"/>
          <line num="29" count="1" type="stmt"/>
          <line num="30" count="1" type="stmt"/>
          <line num="32" count="1" type="stmt"/>
        </file>
      </package>
    </metrics>
  </project>
</coverage>
