{"/Users/andrew/Documents/Projects/testProj/jestsample/jest/setup.js": {"path":"/Users/andrew/Documents/Projects/testProj/jestsample/jest/setup.js","statementMap":{"0":{"start":{"line":3,"column":0},"end":{"line":3,"column":38}}},"fnMap":{},"branchMap":{},"s":{"0":3},"f":{},"b":{},"_coverageSchema":"332fd63041d2c1bcb487cc26dd0d5f7d97098a6c","hash":"eeffa76ed48fae1ac921d7ab6ee3987544bb5207"}
,"/Users/andrew/Documents/Projects/testProj/jestsample/src/global/colors.js": {"path":"/Users/andrew/Documents/Projects/testProj/jestsample/src/global/colors.js","statementMap":{"0":{"start":{"line":2,"column":15},"end":{"line":6,"column":1}}},"fnMap":{},"branchMap":{},"s":{"0":2},"f":{},"b":{},"_coverageSchema":"332fd63041d2c1bcb487cc26dd0d5f7d97098a6c","hash":"c28d97f11ceb8bcc370c025bc943d84c56153809"}
,"/Users/andrew/Documents/Projects/testProj/jestsample/src/global/constants.js": {"path":"/Users/andrew/Documents/Projects/testProj/jestsample/src/global/constants.js","statementMap":{"0":{"start":{"line":2,"column":18},"end":{"line":4,"column":1}}},"fnMap":{},"branchMap":{},"s":{"0":2},"f":{},"b":{},"_coverageSchema":"332fd63041d2c1bcb487cc26dd0d5f7d97098a6c","hash":"59c165b9cedf19795f451b40095a420ae47f8460"}
,"/Users/andrew/Documents/Projects/testProj/jestsample/src/global/images.js": {"path":"/Users/andrew/Documents/Projects/testProj/jestsample/src/global/images.js","statementMap":{"0":{"start":{"line":2,"column":15},"end":{"line":4,"column":1}}},"fnMap":{},"branchMap":{},"s":{"0":2},"f":{},"b":{},"_coverageSchema":"332fd63041d2c1bcb487cc26dd0d5f7d97098a6c","hash":"908ec3e0ecffe41fc9dd29fb5a6a5441f43a00fc"}
,"/Users/andrew/Documents/Projects/testProj/jestsample/src/global/index.js": {"path":"/Users/andrew/Documents/Projects/testProj/jestsample/src/global/index.js","statementMap":{},"fnMap":{},"branchMap":{},"s":{},"f":{},"b":{},"_coverageSchema":"332fd63041d2c1bcb487cc26dd0d5f7d97098a6c","hash":"90e7d751305f56e827997b414b5ffc0e1a19134e"}
,"/Users/andrew/Documents/Projects/testProj/jestsample/src/global/styles.js": {"path":"/Users/andrew/Documents/Projects/testProj/jestsample/src/global/styles.js","statementMap":{"0":{"start":{"line":3,"column":15},"end":{"line":9,"column":2}}},"fnMap":{},"branchMap":{},"s":{"0":2},"f":{},"b":{},"_coverageSchema":"332fd63041d2c1bcb487cc26dd0d5f7d97098a6c","hash":"d8ffbfff6f815ed6d6a227ab697528135a4ea95f"}
,"/Users/andrew/Documents/Projects/testProj/jestsample/src/redux/actions/counter.js": {"path":"/Users/andrew/Documents/Projects/testProj/jestsample/src/redux/actions/counter.js","statementMap":{"0":{"start":{"line":4,"column":2},"end":{"line":6,"column":4}},"1":{"start":{"line":10,"column":2},"end":{"line":12,"column":4}}},"fnMap":{"0":{"name":"increment","decl":{"start":{"line":3,"column":16},"end":{"line":3,"column":25}},"loc":{"start":{"line":3,"column":28},"end":{"line":7,"column":1}},"line":3},"1":{"name":"decrement","decl":{"start":{"line":9,"column":16},"end":{"line":9,"column":25}},"loc":{"start":{"line":9,"column":28},"end":{"line":13,"column":1}},"line":9}},"branchMap":{},"s":{"0":1,"1":1},"f":{"0":1,"1":1},"b":{},"_coverageSchema":"332fd63041d2c1bcb487cc26dd0d5f7d97098a6c","hash":"16e6d76bd5591b2f63707e7e56ecaf6584c92519"}
,"/Users/andrew/Documents/Projects/testProj/jestsample/src/redux/constants/index.js": {"path":"/Users/andrew/Documents/Projects/testProj/jestsample/src/redux/constants/index.js","statementMap":{"0":{"start":{"line":1,"column":20},"end":{"line":5,"column":1}}},"fnMap":{},"branchMap":{},"s":{"0":2},"f":{},"b":{},"_coverageSchema":"332fd63041d2c1bcb487cc26dd0d5f7d97098a6c","hash":"5dc1be1a343c0bdfab2b4e8840a4863b171d6058"}
,"/Users/andrew/Documents/Projects/testProj/jestsample/src/redux/reducers/counter.js": {"path":"/Users/andrew/Documents/Projects/testProj/jestsample/src/redux/reducers/counter.js","statementMap":{"0":{"start":{"line":3,"column":28},"end":{"line":5,"column":1}},"1":{"start":{"line":8,"column":2},"end":{"line":21,"column":3}},"2":{"start":{"line":10,"column":6},"end":{"line":13,"column":8}},"3":{"start":{"line":15,"column":6},"end":{"line":18,"column":8}},"4":{"start":{"line":20,"column":6},"end":{"line":20,"column":26}}},"fnMap":{"0":{"name":"counter","decl":{"start":{"line":7,"column":24},"end":{"line":7,"column":31}},"loc":{"start":{"line":7,"column":67},"end":{"line":22,"column":1}},"line":7}},"branchMap":{"0":{"loc":{"start":{"line":7,"column":32},"end":{"line":7,"column":52}},"type":"default-arg","locations":[{"start":{"line":7,"column":40},"end":{"line":7,"column":52}}],"line":7},"1":{"loc":{"start":{"line":7,"column":54},"end":{"line":7,"column":65}},"type":"default-arg","locations":[{"start":{"line":7,"column":63},"end":{"line":7,"column":65}}],"line":7},"2":{"loc":{"start":{"line":8,"column":2},"end":{"line":21,"column":3}},"type":"switch","locations":[{"start":{"line":9,"column":4},"end":{"line":13,"column":8}},{"start":{"line":14,"column":4},"end":{"line":18,"column":8}},{"start":{"line":19,"column":4},"end":{"line":20,"column":26}}],"line":8}},"s":{"0":1,"1":3,"2":1,"3":1,"4":1},"f":{"0":3},"b":{"0":[1],"1":[1],"2":[1,1,1]},"_coverageSchema":"332fd63041d2c1bcb487cc26dd0d5f7d97098a6c","hash":"6a79d54814186b80a6094497637854f3a26291b3"}
,"/Users/andrew/Documents/Projects/testProj/jestsample/src/scenes/Counter.js": {"path":"/Users/andrew/Documents/Projects/testProj/jestsample/src/scenes/Counter.js","statementMap":{"0":{"start":{"line":10,"column":15},"end":{"line":38,"column":2}},"1":{"start":{"line":56,"column":21},"end":{"line":56,"column":58}},"2":{"start":{"line":59,"column":44},"end":{"line":59,"column":54}},"3":{"start":{"line":60,"column":4},"end":{"line":89,"column":6}},"4":{"start":{"line":65,"column":32},"end":{"line":65,"column":55}},"5":{"start":{"line":73,"column":27},"end":{"line":73,"column":38}},"6":{"start":{"line":80,"column":27},"end":{"line":80,"column":38}},"7":{"start":{"line":94,"column":12},"end":{"line":94,"column":42}},"8":{"start":{"line":95,"column":14},"end":{"line":98,"column":14}}},"fnMap":{"0":{"name":"(anonymous_0)","decl":{"start":{"line":56,"column":15},"end":{"line":56,"column":16}},"loc":{"start":{"line":56,"column":21},"end":{"line":56,"column":58}},"line":56},"1":{"name":"(anonymous_1)","decl":{"start":{"line":58,"column":2},"end":{"line":58,"column":3}},"loc":{"start":{"line":58,"column":11},"end":{"line":90,"column":3}},"line":58},"2":{"name":"(anonymous_2)","decl":{"start":{"line":65,"column":24},"end":{"line":65,"column":25}},"loc":{"start":{"line":65,"column":32},"end":{"line":65,"column":55}},"line":65},"3":{"name":"(anonymous_3)","decl":{"start":{"line":73,"column":21},"end":{"line":73,"column":22}},"loc":{"start":{"line":73,"column":27},"end":{"line":73,"column":38}},"line":73},"4":{"name":"(anonymous_4)","decl":{"start":{"line":80,"column":21},"end":{"line":80,"column":22}},"loc":{"start":{"line":80,"column":27},"end":{"line":80,"column":38}},"line":80},"5":{"name":"(anonymous_5)","decl":{"start":{"line":94,"column":2},"end":{"line":94,"column":3}},"loc":{"start":{"line":94,"column":12},"end":{"line":94,"column":42}},"line":94},"6":{"name":"(anonymous_6)","decl":{"start":{"line":95,"column":2},"end":{"line":95,"column":3}},"loc":{"start":{"line":95,"column":14},"end":{"line":98,"column":14}},"line":95}},"branchMap":{},"s":{"0":1,"1":0,"2":2,"3":2,"4":1,"5":1,"6":1,"7":0,"8":0},"f":{"0":0,"1":2,"2":1,"3":1,"4":1,"5":0,"6":0},"b":{},"_coverageSchema":"332fd63041d2c1bcb487cc26dd0d5f7d97098a6c","hash":"8a3551146b50ce672bb3935c7e258858304ecc98"}
,"/Users/andrew/Documents/Projects/testProj/jestsample/src/scenes/Home.js": {"path":"/Users/andrew/Documents/Projects/testProj/jestsample/src/scenes/Home.js","statementMap":{"0":{"start":{"line":6,"column":15},"end":{"line":21,"column":2}},"1":{"start":{"line":29,"column":27},"end":{"line":29,"column":37}},"2":{"start":{"line":30,"column":4},"end":{"line":36,"column":6}},"3":{"start":{"line":32,"column":63},"end":{"line":32,"column":93}}},"fnMap":{"0":{"name":"(anonymous_0)","decl":{"start":{"line":28,"column":2},"end":{"line":28,"column":3}},"loc":{"start":{"line":28,"column":11},"end":{"line":37,"column":3}},"line":28},"1":{"name":"(anonymous_1)","decl":{"start":{"line":32,"column":57},"end":{"line":32,"column":58}},"loc":{"start":{"line":32,"column":63},"end":{"line":32,"column":93}},"line":32}},"branchMap":{},"s":{"0":1,"1":1,"2":1,"3":1},"f":{"0":1,"1":1},"b":{},"_coverageSchema":"332fd63041d2c1bcb487cc26dd0d5f7d97098a6c","hash":"c5866026243e1372f6980c627379723894e1de9b"}
}
