TN:
SF:/Users/andrew/Documents/Projects/testProj/jestsample/jest/setup.js
FNF:0
FNH:0
DA:3,3
LF:1
LH:1
BRF:0
BRH:0
end_of_record
TN:
SF:/Users/andrew/Documents/Projects/testProj/jestsample/src/global/colors.js
FNF:0
FNH:0
DA:2,2
LF:1
LH:1
BRF:0
BRH:0
end_of_record
TN:
SF:/Users/andrew/Documents/Projects/testProj/jestsample/src/global/constants.js
FNF:0
FNH:0
DA:2,2
LF:1
LH:1
BRF:0
BRH:0
end_of_record
TN:
SF:/Users/andrew/Documents/Projects/testProj/jestsample/src/global/images.js
FNF:0
FNH:0
DA:2,2
LF:1
LH:1
BRF:0
BRH:0
end_of_record
TN:
SF:/Users/andrew/Documents/Projects/testProj/jestsample/src/global/index.js
FNF:0
FNH:0
LF:0
LH:0
BRF:0
BRH:0
end_of_record
TN:
SF:/Users/andrew/Documents/Projects/testProj/jestsample/src/global/styles.js
FNF:0
FNH:0
DA:3,2
LF:1
LH:1
BRF:0
BRH:0
end_of_record
TN:
SF:/Users/andrew/Documents/Projects/testProj/jestsample/src/redux/actions/counter.js
FN:3,increment
FN:9,decrement
FNF:2
FNH:2
FNDA:1,increment
FNDA:1,decrement
DA:4,1
DA:10,1
LF:2
LH:2
BRF:0
BRH:0
end_of_record
TN:
SF:/Users/andrew/Documents/Projects/testProj/jestsample/src/redux/constants/index.js
FNF:0
FNH:0
DA:1,2
LF:1
LH:1
BRF:0
BRH:0
end_of_record
TN:
SF:/Users/andrew/Documents/Projects/testProj/jestsample/src/redux/reducers/counter.js
FN:7,counter
FNF:1
FNH:1
FNDA:3,counter
DA:3,1
DA:8,3
DA:10,1
DA:15,1
DA:20,1
LF:5
LH:5
BRDA:7,0,0,1
BRDA:7,1,0,1
BRDA:8,2,0,1
BRDA:8,2,1,1
BRDA:8,2,2,1
BRF:5
BRH:5
end_of_record
TN:
SF:/Users/andrew/Documents/Projects/testProj/jestsample/src/scenes/Counter.js
FN:56,(anonymous_0)
FN:58,(anonymous_1)
FN:65,(anonymous_2)
FN:73,(anonymous_3)
FN:80,(anonymous_4)
FN:94,(anonymous_5)
FN:95,(anonymous_6)
FNF:7
FNH:4
FNDA:0,(anonymous_0)
FNDA:2,(anonymous_1)
FNDA:1,(anonymous_2)
FNDA:1,(anonymous_3)
FNDA:1,(anonymous_4)
FNDA:0,(anonymous_5)
FNDA:0,(anonymous_6)
DA:10,1
DA:56,0
DA:59,2
DA:60,2
DA:65,1
DA:73,1
DA:80,1
DA:94,0
DA:95,0
LF:9
LH:6
BRF:0
BRH:0
end_of_record
TN:
SF:/Users/andrew/Documents/Projects/testProj/jestsample/src/scenes/Home.js
FN:28,(anonymous_0)
FN:32,(anonymous_1)
FNF:2
FNH:2
FNDA:1,(anonymous_0)
FNDA:1,(anonymous_1)
DA:6,1
DA:29,1
DA:30,1
DA:32,1
LF:4
LH:4
BRF:0
BRH:0
end_of_record
